{"level":"info","message":"Hello","timestamp":"2024-01-16 11:25:06"}
{"level":"info","message":"Hello","timestamp":"2024-01-16 11:27:15"}
{"level":"info","message":"Hello","timestamp":"2024-01-16 11:27:16"}
{"level":"info","message":"Hello","timestamp":"2024-01-16 11:27:16"}
{"level":"info","message":"Hello","timestamp":"2024-01-16 11:27:17"}
{"level":"info","message":"Hello","timestamp":"2024-01-16 11:27:18"}
{"level":"info","message":"Hello","timestamp":"2024-01-16 11:27:18"}
{"level":"error","message":"Unknown column 's.background_colors' in 'field list'","timestamp":"2024-01-16 11:32:06"}
{"level":"error","message":"Cannot read property 'length' of undefined","timestamp":"2024-01-16 11:32:06"}
{"level":"error","message":"Unknown column 's.background_colors' in 'field list'","timestamp":"2024-01-16 11:32:07"}
{"level":"error","message":"Cannot read property 'length' of undefined","timestamp":"2024-01-16 11:32:07"}
{"level":"error","message":"Unknown column 's.background_colors' in 'field list'","timestamp":"2024-01-16 11:38:12"}
{"level":"error","message":"Cannot read property 'length' of undefined","timestamp":"2024-01-16 11:38:12"}
{"level":"error","message":"Unknown column 's.background_colors' in 'field list'","timestamp":"2024-01-16 11:38:12"}
{"level":"error","message":"Cannot read property 'length' of undefined","timestamp":"2024-01-16 11:38:12"}
{"level":"error","message":"Unknown column 's.background_colors' in 'field list'","timestamp":"2024-01-16 11:38:13"}
{"level":"error","message":"Cannot read property 'length' of undefined","timestamp":"2024-01-16 11:38:13"}
{"level":"error","message":"Unknown column 's.background_colors' in 'field list'","timestamp":"2024-01-16 11:38:28"}
{"level":"error","message":"Cannot read property 'length' of undefined","timestamp":"2024-01-16 11:38:28"}
{"level":"error","message":"Phone / Password is incorrect","timestamp":"2024-01-16 11:43:27"}
{"level":"error","message":"Phone / Password is incorrect","timestamp":"2024-01-16 11:43:27"}
{"level":"error","message":"Phone / Password is incorrect","timestamp":"2024-01-16 11:43:38"}
{"level":"error","message":"Phone / Password is incorrect","timestamp":"2024-01-23 22:22:32"}
{"level":"error","message":"Phone / Password is incorrect","timestamp":"2024-01-23 22:30:24"}
{"level":"error","message":"Field 'story_id' doesn't have a default value","timestamp":"2024-01-24 22:00:47"}
{"level":"error","message":"Field 'story_id' doesn't have a default value","timestamp":"2024-01-27 10:49:16"}
{"level":"error","message":"Field 'story_id' doesn't have a default value","timestamp":"2024-01-27 10:54:48"}
{"level":"error","message":"Field 'story_id' doesn't have a default value","timestamp":"2024-01-27 10:55:29"}
{"level":"error","message":"Cannot add or update a child row: a foreign key constraint fails (`story_view`.`stories`, CONSTRAINT `FK_ab4ee230faf536e7c5aee12f4ea` FOREIGN KEY (`user_id`) REFERENCES `users` (`uid`) ON DELETE CASCADE)","timestamp":"2024-01-27 11:02:34"}
{"level":"error","message":"Cannot add or update a child row: a foreign key constraint fails (`story_view`.`stories`, CONSTRAINT `FK_ab4ee230faf536e7c5aee12f4ea` FOREIGN KEY (`user_id`) REFERENCES `users` (`uid`) ON DELETE CASCADE)","timestamp":"2024-01-27 11:04:54"}
{"level":"error","message":"Cannot add or update a child row: a foreign key constraint fails (`story_view`.`stories`, CONSTRAINT `FK_ab4ee230faf536e7c5aee12f4ea` FOREIGN KEY (`user_id`) REFERENCES `users` (`uid`) ON DELETE CASCADE)","timestamp":"2024-01-27 11:04:54"}
{"level":"error","message":"Cannot add or update a child row: a foreign key constraint fails (`story_view`.`stories`, CONSTRAINT `FK_ab4ee230faf536e7c5aee12f4ea` FOREIGN KEY (`user_id`) REFERENCES `users` (`uid`) ON DELETE CASCADE)","timestamp":"2024-01-27 11:05:10"}
{"level":"error","message":"Cannot add or update a child row: a foreign key constraint fails (`story_view`.`stories`, CONSTRAINT `FK_ab4ee230faf536e7c5aee12f4ea` FOREIGN KEY (`user_id`) REFERENCES `users` (`uid`) ON DELETE CASCADE)","timestamp":"2024-01-27 11:05:10"}
{"level":"error","message":"Cannot add or update a child row: a foreign key constraint fails (`story_view`.`stories`, CONSTRAINT `FK_ab4ee230faf536e7c5aee12f4ea` FOREIGN KEY (`user_id`) REFERENCES `users` (`uid`) ON DELETE CASCADE)","timestamp":"2024-01-27 11:05:16"}
{"level":"error","message":"Cannot add or update a child row: a foreign key constraint fails (`story_view`.`stories`, CONSTRAINT `FK_ab4ee230faf536e7c5aee12f4ea` FOREIGN KEY (`user_id`) REFERENCES `users` (`uid`) ON DELETE CASCADE)","timestamp":"2024-01-27 11:05:16"}
{"level":"error","message":"Cannot add or update a child row: a foreign key constraint fails (`story_view`.`stories`, CONSTRAINT `FK_ab4ee230faf536e7c5aee12f4ea` FOREIGN KEY (`user_id`) REFERENCES `users` (`uid`) ON DELETE CASCADE)","timestamp":"2024-01-27 11:05:44"}
{"level":"error","message":"Cannot add or update a child row: a foreign key constraint fails (`story_view`.`stories`, CONSTRAINT `FK_ab4ee230faf536e7c5aee12f4ea` FOREIGN KEY (`user_id`) REFERENCES `users` (`uid`) ON DELETE CASCADE)","timestamp":"2024-01-27 11:06:56"}
{"level":"error","message":"Cannot add or update a child row: a foreign key constraint fails (`story_view`.`stories`, CONSTRAINT `FK_ab4ee230faf536e7c5aee12f4ea` FOREIGN KEY (`user_id`) REFERENCES `users` (`uid`) ON DELETE CASCADE)","timestamp":"2024-01-27 11:07:27"}
{"level":"error","message":"Cannot add or update a child row: a foreign key constraint fails (`story_view`.`stories`, CONSTRAINT `FK_ab4ee230faf536e7c5aee12f4ea` FOREIGN KEY (`user_id`) REFERENCES `users` (`uid`) ON DELETE CASCADE)","timestamp":"2024-01-27 11:07:41"}
{"level":"error","message":"Cannot add or update a child row: a foreign key constraint fails (`story_view`.`stories`, CONSTRAINT `FK_ab4ee230faf536e7c5aee12f4ea` FOREIGN KEY (`user_id`) REFERENCES `users` (`uid`) ON DELETE CASCADE)","timestamp":"2024-01-27 11:07:43"}
{"level":"error","message":"Cannot add or update a child row: a foreign key constraint fails (`story_view`.`stories`, CONSTRAINT `FK_ab4ee230faf536e7c5aee12f4ea` FOREIGN KEY (`user_id`) REFERENCES `users` (`uid`) ON DELETE CASCADE)","timestamp":"2024-01-27 11:08:04"}
{"level":"error","message":"Cannot add or update a child row: a foreign key constraint fails (`story_view`.`stories`, CONSTRAINT `FK_ab4ee230faf536e7c5aee12f4ea` FOREIGN KEY (`user_id`) REFERENCES `users` (`uid`) ON DELETE CASCADE)","timestamp":"2024-01-27 11:08:05"}
{"level":"error","message":"Cannot add or update a child row: a foreign key constraint fails (`story_view`.`stories`, CONSTRAINT `FK_ab4ee230faf536e7c5aee12f4ea` FOREIGN KEY (`user_id`) REFERENCES `users` (`uid`) ON DELETE CASCADE)","timestamp":"2024-01-27 11:08:14"}
{"level":"error","message":"Cannot add or update a child row: a foreign key constraint fails (`story_view`.`stories`, CONSTRAINT `FK_ab4ee230faf536e7c5aee12f4ea` FOREIGN KEY (`user_id`) REFERENCES `users` (`uid`) ON DELETE CASCADE)","timestamp":"2024-01-27 11:08:14"}
{"level":"error","message":"Cannot add or update a child row: a foreign key constraint fails (`story_view`.`stories`, CONSTRAINT `FK_ab4ee230faf536e7c5aee12f4ea` FOREIGN KEY (`user_id`) REFERENCES `users` (`uid`) ON DELETE CASCADE)","timestamp":"2024-01-27 11:08:16"}
{"level":"error","message":"Cannot add or update a child row: a foreign key constraint fails (`story_view`.`stories`, CONSTRAINT `FK_ab4ee230faf536e7c5aee12f4ea` FOREIGN KEY (`user_id`) REFERENCES `users` (`uid`) ON DELETE CASCADE)","timestamp":"2024-01-27 11:08:16"}
{"level":"error","message":"Cannot add or update a child row: a foreign key constraint fails (`story_view`.`stories`, CONSTRAINT `FK_ab4ee230faf536e7c5aee12f4ea` FOREIGN KEY (`user_id`) REFERENCES `users` (`uid`) ON DELETE CASCADE)","timestamp":"2024-01-27 11:08:46"}
{"level":"error","message":"Cannot add or update a child row: a foreign key constraint fails (`story_view`.`stories`, CONSTRAINT `FK_ab4ee230faf536e7c5aee12f4ea` FOREIGN KEY (`user_id`) REFERENCES `users` (`uid`) ON DELETE CASCADE)","timestamp":"2024-01-27 11:15:15"}
{"level":"error","message":"Cannot add or update a child row: a foreign key constraint fails (`story_view`.`stories`, CONSTRAINT `FK_ab4ee230faf536e7c5aee12f4ea` FOREIGN KEY (`user_id`) REFERENCES `users` (`uid`) ON DELETE CASCADE)","timestamp":"2024-01-27 11:15:37"}
{"level":"error","message":"Cannot add or update a child row: a foreign key constraint fails (`story_view`.`stories`, CONSTRAINT `FK_ab4ee230faf536e7c5aee12f4ea` FOREIGN KEY (`user_id`) REFERENCES `users` (`uid`) ON DELETE CASCADE)","timestamp":"2024-01-27 11:16:00"}
{"level":"error","message":"Cannot add or update a child row: a foreign key constraint fails (`story_view`.`stories`, CONSTRAINT `FK_ab4ee230faf536e7c5aee12f4ea` FOREIGN KEY (`user_id`) REFERENCES `users` (`uid`) ON DELETE CASCADE)","timestamp":"2024-01-27 11:16:00"}
{"level":"error","message":"Users not found","timestamp":"2024-01-27 11:16:14"}
{"level":"error","message":"Users not found","timestamp":"2024-01-27 11:16:17"}
{"level":"error","message":"Cannot add or update a child row: a foreign key constraint fails (`story_view`.`stories`, CONSTRAINT `FK_ab4ee230faf536e7c5aee12f4ea` FOREIGN KEY (`user_id`) REFERENCES `users` (`uid`) ON DELETE CASCADE)","timestamp":"2024-01-27 11:16:38"}
{"level":"error","message":"Cannot add or update a child row: a foreign key constraint fails (`story_view`.`stories`, CONSTRAINT `FK_ab4ee230faf536e7c5aee12f4ea` FOREIGN KEY (`user_id`) REFERENCES `users` (`uid`) ON DELETE CASCADE)","timestamp":"2024-01-27 11:16:39"}
{"level":"error","message":"Cannot add or update a child row: a foreign key constraint fails (`story_view`.`stories`, CONSTRAINT `FK_ab4ee230faf536e7c5aee12f4ea` FOREIGN KEY (`user_id`) REFERENCES `users` (`uid`) ON DELETE CASCADE)","timestamp":"2024-01-27 11:16:45"}
{"level":"error","message":"Cannot add or update a child row: a foreign key constraint fails (`story_view`.`stories`, CONSTRAINT `FK_ab4ee230faf536e7c5aee12f4ea` FOREIGN KEY (`user_id`) REFERENCES `users` (`uid`) ON DELETE CASCADE)","timestamp":"2024-01-27 11:16:46"}
{"level":"error","message":"Users not found","timestamp":"2024-01-27 11:16:48"}
{"level":"error","message":"Cannot add or update a child row: a foreign key constraint fails (`story_view`.`stories`, CONSTRAINT `FK_ab4ee230faf536e7c5aee12f4ea` FOREIGN KEY (`user_id`) REFERENCES `users` (`uid`) ON DELETE CASCADE)","timestamp":"2024-01-27 11:17:13"}
{"level":"error","message":"Cannot set headers after they are sent to the client","timestamp":"2024-01-27 11:17:13"}
{"level":"error","message":"Cannot add or update a child row: a foreign key constraint fails (`story_view`.`stories`, CONSTRAINT `FK_ab4ee230faf536e7c5aee12f4ea` FOREIGN KEY (`user_id`) REFERENCES `users` (`uid`) ON DELETE CASCADE)","timestamp":"2024-01-27 11:17:14"}
{"level":"error","message":"Cannot set headers after they are sent to the client","timestamp":"2024-01-27 11:17:14"}
{"level":"error","message":"Cannot add or update a child row: a foreign key constraint fails (`story_view`.`stories`, CONSTRAINT `FK_ab4ee230faf536e7c5aee12f4ea` FOREIGN KEY (`user_id`) REFERENCES `users` (`uid`) ON DELETE CASCADE)","timestamp":"2024-01-27 11:17:17"}
{"level":"error","message":"Cannot set headers after they are sent to the client","timestamp":"2024-01-27 11:17:17"}
{"level":"error","message":"Cannot add or update a child row: a foreign key constraint fails (`story_view`.`stories`, CONSTRAINT `FK_ab4ee230faf536e7c5aee12f4ea` FOREIGN KEY (`user_id`) REFERENCES `users` (`uid`) ON DELETE CASCADE)","timestamp":"2024-01-27 11:18:20"}
{"level":"error","message":"Cannot add or update a child row: a foreign key constraint fails (`story_view`.`stories`, CONSTRAINT `FK_ab4ee230faf536e7c5aee12f4ea` FOREIGN KEY (`user_id`) REFERENCES `users` (`uid`) ON DELETE CASCADE)","timestamp":"2024-01-27 11:18:21"}
{"level":"error","message":"Cannot add or update a child row: a foreign key constraint fails (`story_view`.`stories`, CONSTRAINT `FK_ab4ee230faf536e7c5aee12f4ea` FOREIGN KEY (`user_id`) REFERENCES `users` (`uid`) ON DELETE CASCADE)","timestamp":"2024-01-27 11:18:21"}
{"level":"error","message":"Cannot add or update a child row: a foreign key constraint fails (`story_view`.`stories`, CONSTRAINT `FK_ab4ee230faf536e7c5aee12f4ea` FOREIGN KEY (`user_id`) REFERENCES `users` (`uid`) ON DELETE CASCADE)","timestamp":"2024-01-27 12:52:14"}
{"level":"error","message":"Cannot set headers after they are sent to the client","timestamp":"2024-01-27 12:52:14"}
{"level":"error","message":"Cannot add or update a child row: a foreign key constraint fails (`story_view`.`stories`, CONSTRAINT `FK_ab4ee230faf536e7c5aee12f4ea` FOREIGN KEY (`user_id`) REFERENCES `users` (`uid`) ON DELETE CASCADE)","timestamp":"2024-01-27 12:52:15"}
{"level":"error","message":"Cannot set headers after they are sent to the client","timestamp":"2024-01-27 12:52:15"}
{"level":"error","message":"Cannot add or update a child row: a foreign key constraint fails (`story_view`.`stories`, CONSTRAINT `FK_ab4ee230faf536e7c5aee12f4ea` FOREIGN KEY (`user_id`) REFERENCES `users` (`uid`) ON DELETE CASCADE)","timestamp":"2024-01-27 12:52:52"}
{"level":"error","message":"Cannot add or update a child row: a foreign key constraint fails (`story_view`.`stories`, CONSTRAINT `FK_ab4ee230faf536e7c5aee12f4ea` FOREIGN KEY (`user_id`) REFERENCES `users` (`uid`) ON DELETE CASCADE)","timestamp":"2024-01-27 12:52:54"}
{"level":"error","message":"Users not found","timestamp":"2024-01-27 12:53:02"}
{"level":"error","message":"Users not found","timestamp":"2024-01-27 12:53:04"}
{"level":"error","message":"Users not found","timestamp":"2024-01-27 12:53:30"}
{"level":"error","message":"Users not found","timestamp":"2024-01-27 12:53:30"}
{"level":"error","message":"Users not found","timestamp":"2024-01-27 12:54:48"}
{"level":"error","message":"Users not found","timestamp":"2024-01-27 12:57:14"}
{"level":"error","message":"Users not found","timestamp":"2024-01-27 12:57:16"}
{"level":"error","message":"Phone / Password is incorrect","timestamp":"2024-01-27 13:25:44"}
{"level":"error","message":"Phone / Password is incorrect","timestamp":"2024-01-27 22:35:48"}
{"level":"error","message":"Phone / Password is incorrect","timestamp":"2024-01-27 22:36:18"}
{"level":"error","message":"Phone / Password is incorrect","timestamp":"2024-01-27 22:36:18"}
{"level":"error","message":"Phone / Password is incorrect","timestamp":"2024-01-27 22:36:19"}
{"level":"error","message":"Phone / Password is incorrect","timestamp":"2024-01-27 22:36:32"}
{"level":"error","message":"Phone / Password is incorrect","timestamp":"2024-01-27 22:38:19"}
{"level":"error","message":"Phone / Password is incorrect","timestamp":"2024-01-27 22:38:20"}
{"level":"error","message":"Phone / Password is incorrect","timestamp":"2024-01-27 22:38:20"}
{"level":"error","message":"Phone / Password is incorrect","timestamp":"2024-01-27 22:38:42"}
{"level":"error","message":"Phone / Password is incorrect","timestamp":"2024-01-27 22:38:42"}
{"level":"error","message":"Account is incorrect","timestamp":"2024-01-27 22:39:37"}
{"level":"error","message":"Account is incorrect","timestamp":"2024-01-27 22:39:37"}
{"level":"error","message":"Account is incorrect","timestamp":"2024-01-27 22:39:41"}
{"level":"error","message":"Account is incorrect","timestamp":"2024-01-27 22:39:42"}
{"level":"error","message":"Account is incorrect","timestamp":"2024-01-27 22:39:42"}
{"level":"error","message":"Account is incorrect","timestamp":"2024-01-27 22:41:37"}
{"level":"error","message":"Account is incorrect","timestamp":"2024-01-27 22:42:09"}
{"level":"error","message":"Account is incorrect","timestamp":"2024-01-27 22:42:28"}
{"level":"error","message":"Account is incorrect","timestamp":"2024-01-27 22:43:13"}
{"level":"error","message":"Story Types not found","timestamp":"2024-01-27 22:49:06"}
{"level":"error","message":"Story Types not found","timestamp":"2024-01-27 22:57:16"}
{"level":"error","message":"Story Types not found","timestamp":"2024-01-27 22:58:00"}
{"level":"error","message":"Story Types not found","timestamp":"2024-01-27 22:58:01"}
{"level":"error","message":"Story Types not found","timestamp":"2024-01-27 22:58:01"}
{"level":"error","message":"Story Types not found","timestamp":"2024-01-27 22:58:27"}
{"level":"error","message":"Story Types not found","timestamp":"2024-01-27 22:58:27"}
{"level":"error","message":"Story Types not found","timestamp":"2024-01-27 22:58:28"}
{"level":"error","message":"Story Types not found","timestamp":"2024-01-27 22:58:47"}
{"level":"error","message":"Story Types not found","timestamp":"2024-01-27 23:00:09"}
{"level":"error","message":"Story Types not found","timestamp":"2024-01-27 23:00:10"}
{"level":"error","message":"Story Types not found","timestamp":"2024-01-27 23:00:10"}
{"level":"error","message":"Story Types not found","timestamp":"2024-01-27 23:00:11"}
{"level":"error","message":"Story Types not found","timestamp":"2024-01-27 23:00:11"}
{"level":"error","message":"type_id is required","timestamp":"2024-01-27 23:00:56"}
{"level":"error","message":"type_id is required","timestamp":"2024-01-27 23:01:55"}
{"level":"error","message":"type_id is required","timestamp":"2024-01-27 23:01:55"}
{"level":"error","message":"type_id is required","timestamp":"2024-01-27 23:01:56"}
{"level":"error","message":"type_id is required","timestamp":"2024-01-27 23:01:59"}
{"level":"error","message":"type_id is required","timestamp":"2024-01-27 23:02:02"}
{"level":"error","message":"Stories not found","timestamp":"2024-01-27 23:03:03"}
{"level":"error","message":"Unknown column 's.type' in 'field list'","timestamp":"2024-01-27 23:53:11"}
{"level":"error","message":"Unknown column 's.type' in 'field list'","timestamp":"2024-01-27 23:53:11"}
{"level":"error","message":"Unknown column 's.type' in 'field list'","timestamp":"2024-01-27 23:53:12"}
{"level":"error","message":"Unknown column 's.type' in 'field list'","timestamp":"2024-01-27 23:53:12"}
{"level":"error","message":"Duplicate entry 'df120a05-b28b-444a-96b0-672937f1da23' for key 'stories.IDX_e36220a6f96f5e0539b6382d0a'","timestamp":"2024-01-28 00:06:57"}
{"level":"error","message":"Field 'story_id' doesn't have a default value","timestamp":"2024-01-28 00:06:57"}
{"level":"error","message":"Duplicate entry 'df120a05-b28b-444a-96b0-672937f1da23' for key 'stories.IDX_e36220a6f96f5e0539b6382d0a'","timestamp":"2024-01-28 00:06:59"}
{"level":"error","message":"Field 'story_id' doesn't have a default value","timestamp":"2024-01-28 00:06:59"}
{"level":"error","message":"Duplicate entry 'f3acd3fe-a775-4d9e-bc90-fb1ceb758ddf' for key 'stories.IDX_e36220a6f96f5e0539b6382d0a'","timestamp":"2024-01-28 00:07:57"}
{"level":"error","message":"Field 'story_id' doesn't have a default value","timestamp":"2024-01-28 00:07:57"}
{"level":"error","message":"Duplicate entry 'f3acd3fe-a775-4d9e-bc90-fb1ceb758ddf' for key 'stories.IDX_e36220a6f96f5e0539b6382d0a'","timestamp":"2024-01-28 00:08:09"}
{"level":"error","message":"Field 'story_id' doesn't have a default value","timestamp":"2024-01-28 00:08:09"}
{"level":"error","message":"Duplicate entry 'f3acd3fe-a775-4d9e-bc90-fb1ceb758ddf' for key 'stories.IDX_e36220a6f96f5e0539b6382d0a'","timestamp":"2024-01-28 00:08:16"}
{"level":"error","message":"Field 'story_id' doesn't have a default value","timestamp":"2024-01-28 00:08:16"}
{"level":"error","message":"Duplicate entry 'f3acd3fe-a775-4d9e-bc90-fb1ceb758ddf' for key 'stories.IDX_e36220a6f96f5e0539b6382d0a'","timestamp":"2024-01-28 00:08:58"}
{"level":"error","message":"Field 'story_id' doesn't have a default value","timestamp":"2024-01-28 00:08:58"}
{"level":"error","message":"Duplicate entry 'f3acd3fe-a775-4d9e-bc90-fb1ceb758ddf' for key 'stories.IDX_e36220a6f96f5e0539b6382d0a'","timestamp":"2024-01-28 00:09:21"}
{"level":"error","message":"Field 'story_id' doesn't have a default value","timestamp":"2024-01-28 00:09:21"}
{"level":"error","message":"Duplicate entry 'd84fb43a-cd45-4a8d-b0ec-b3438312a95a' for key 'stories.IDX_e36220a6f96f5e0539b6382d0a'","timestamp":"2024-01-28 00:11:34"}
{"level":"error","message":"Field 'story_id' doesn't have a default value","timestamp":"2024-01-28 00:11:34"}
{"level":"error","message":"Duplicate entry 'd84fb43a-cd45-4a8d-b0ec-b3438312a95a' for key 'stories.IDX_e36220a6f96f5e0539b6382d0a'","timestamp":"2024-01-28 00:11:57"}
{"level":"error","message":"Field 'story_id' doesn't have a default value","timestamp":"2024-01-28 00:11:57"}
{"level":"error","message":"Duplicate entry 'd84fb43a-cd45-4a8d-b0ec-b3438312a95a' for key 'stories.IDX_e36220a6f96f5e0539b6382d0a'","timestamp":"2024-01-28 00:12:02"}
{"level":"error","message":"Field 'story_id' doesn't have a default value","timestamp":"2024-01-28 00:12:02"}
{"level":"error","message":"Duplicate entry 'd84fb43a-cd45-4a8d-b0ec-b3438312a95a' for key 'stories.IDX_e36220a6f96f5e0539b6382d0a'","timestamp":"2024-01-28 00:12:05"}
{"level":"error","message":"Field 'story_id' doesn't have a default value","timestamp":"2024-01-28 00:12:05"}
{"level":"error","message":"Duplicate entry 'c49496b1-0615-44c6-aca0-61c7fc9dddcd' for key 'stories.IDX_e36220a6f96f5e0539b6382d0a'","timestamp":"2024-01-28 00:13:29"}
{"level":"error","message":"Field 'story_id' doesn't have a default value","timestamp":"2024-01-28 00:13:29"}
{"level":"error","message":"Duplicate entry 'c49496b1-0615-44c6-aca0-61c7fc9dddcd' for key 'stories.IDX_e36220a6f96f5e0539b6382d0a'","timestamp":"2024-01-28 00:13:45"}
{"level":"error","message":"Field 'story_id' doesn't have a default value","timestamp":"2024-01-28 00:13:45"}
{"level":"error","message":"Duplicate entry 'c49496b1-0615-44c6-aca0-61c7fc9dddcd' for key 'stories.IDX_e36220a6f96f5e0539b6382d0a'","timestamp":"2024-01-28 00:13:45"}
{"level":"error","message":"Field 'story_id' doesn't have a default value","timestamp":"2024-01-28 00:13:45"}
{"level":"error","message":"Duplicate entry 'c49496b1-0615-44c6-aca0-61c7fc9dddcd' for key 'stories.IDX_e36220a6f96f5e0539b6382d0a'","timestamp":"2024-01-28 00:15:36"}
{"level":"error","message":"Field 'story_id' doesn't have a default value","timestamp":"2024-01-28 00:15:36"}
{"level":"error","message":"Users not found","timestamp":"2024-01-28 00:25:51"}
{"level":"error","message":"Story Types not found","timestamp":"2024-01-28 00:27:08"}
